[ 2023-06-07 15:54:30,611 ] [INFO] [root] [24] - Starting data ingestion
[ 2023-06-07 15:54:30,625 ] [INFO] [root] [30] - Exporting data from mongodb to feature store
[ 2023-06-07 15:54:30,625 ] [INFO] [root] [27] - Start Reading dataset
[ 2023-06-07 15:54:30,690 ] [INFO] [root] [58] - Performed train test split on the dataframe
[ 2023-06-07 15:54:30,690 ] [INFO] [root] [60] - Exited split_data_as_train_test method of Data_Ingestion class
[ 2023-06-07 15:54:30,690 ] [INFO] [root] [68] - Exporting train and test file path.
[ 2023-06-07 15:54:30,713 ] [INFO] [root] [78] - Exported train and test file path.
[ 2023-06-07 15:54:30,714 ] [INFO] [root] [27] - Data ingestion completed and artifact: DataIngestionArtifact(trained_file_path='artifact/06_07_2023_15_54_29/data_ingestion/ingested/train_data.csv', test_file_path='artifact/06_07_2023_15_54_29/data_ingestion/ingested/test_data.csv')
[ 2023-06-07 15:54:30,714 ] [INFO] [root] [34] - Starting data validation
[ 2023-06-07 15:54:30,728 ] [INFO] [root] [27] - Start Reading dataset
[ 2023-06-07 15:54:30,748 ] [INFO] [root] [27] - Start Reading dataset
[ 2023-06-07 15:54:30,758 ] [INFO] [root] [49] - Required number of columns: 80
[ 2023-06-07 15:54:30,758 ] [INFO] [root] [50] - Data frame has columns: 80
[ 2023-06-07 15:54:30,758 ] [INFO] [root] [49] - Required number of columns: 80
[ 2023-06-07 15:54:30,758 ] [INFO] [root] [50] - Data frame has columns: 80
[ 2023-06-07 15:54:30,781 ] [INFO] [root] [121] - Exporting Valid train and test file path.
[ 2023-06-07 15:54:30,793 ] [INFO] [root] [140] - Data validation artifact: DataValidationArtifact(validation_status=True, valid_train_file_path='artifact/06_07_2023_15_54_29/data_validation/validated/train_data.csv', valid_test_file_path='artifact/06_07_2023_15_54_29/data_validation/validated/test_data.csv', invalid_train_file_path=None, invalid_test_file_path=None, drift_report_file_path='artifact/06_07_2023_15_54_29/data_validation/drift_report/report.yaml')
[ 2023-06-07 15:54:30,794 ] [INFO] [root] [39] - Data Validation completed and artifact: DataValidationArtifact(validation_status=True, valid_train_file_path='artifact/06_07_2023_15_54_29/data_validation/validated/train_data.csv', valid_test_file_path='artifact/06_07_2023_15_54_29/data_validation/validated/test_data.csv', invalid_train_file_path=None, invalid_test_file_path=None, drift_report_file_path='artifact/06_07_2023_15_54_29/data_validation/drift_report/report.yaml')
[ 2023-06-07 15:54:30,807 ] [INFO] [root] [27] - Start Reading dataset
[ 2023-06-07 15:54:30,817 ] [INFO] [root] [27] - Start Reading dataset
[ 2023-06-07 15:54:30,971 ] [INFO] [root] [65] - Entered the save_object method of MainUtils class
[ 2023-06-07 15:54:30,974 ] [INFO] [root] [69] - Exited the save_object method of MainUtils class
[ 2023-06-07 15:54:30,974 ] [INFO] [root] [191] - Data transformation artifact: DataTransformationArtifact(transformed_object_file_path='artifact/06_07_2023_15_54_29/data_transformation/transformed_object/preprocessor.pkl', transformed_train_file_path='artifact/06_07_2023_15_54_29/data_transformation/transformed/train_data.npy', transformed_test_file_path='artifact/06_07_2023_15_54_29/data_transformation/transformed/test_data.npy')
[ 2023-06-07 15:54:31,005 ] [INFO] [root] [65] - Entered the save_object method of MainUtils class
[ 2023-06-07 15:54:31,008 ] [INFO] [root] [69] - Exited the save_object method of MainUtils class
[ 2023-06-07 15:54:31,008 ] [INFO] [root] [86] - Model trainer artifact: ModelTrainerArtifact(trained_model_file_path='artifact/06_07_2023_15_54_29/model_trainer/trained_model/model.pkl', train_metric_artifact=RegressionMetricArtifact(mean_squared_error_score=843953217.2638319, mean_root_squared_error_score=29050.87291741561, model_r2_score=0.8617725522300406), test_metric_artifact=RegressionMetricArtifact(mean_squared_error_score=812917908.6468588, mean_root_squared_error_score=28511.715287699877, model_r2_score=0.8855349148713442))
